0 verbose cli /usr/local/nvm/versions/node/v18.12.1/bin/node /usr/local/nvm/versions/node/v18.12.1/bin/npm
1 info using npm@9.6.3
2 info using node@v18.12.1
3 timing npm:load:whichnode Completed in 2ms
4 timing config:load:defaults Completed in 2ms
5 timing config:load:file:/usr/local/nvm/versions/node/v18.12.1/lib/node_modules/npm/npmrc Completed in 1ms
6 timing config:load:builtin Completed in 1ms
7 timing config:load:cli Completed in 3ms
8 timing config:load:env Completed in 1ms
9 timing config:load:file:/home/user316/.cache/typescript/3.8/.npmrc Completed in 0ms
10 timing config:load:project Completed in 1ms
11 timing config:load:file:/home/user316/.npmrc Completed in 0ms
12 timing config:load:user Completed in 0ms
13 timing config:load:file:/usr/local/nvm/versions/node/v18.12.1/etc/npmrc Completed in 1ms
14 timing config:load:global Completed in 1ms
15 timing config:load:setEnvs Completed in 1ms
16 timing config:load Completed in 10ms
17 timing npm:load:configload Completed in 10ms
18 timing npm:load:mkdirpcache Completed in 0ms
19 timing npm:load:mkdirplogs Completed in 0ms
20 verbose title npm install @types/body-parser@ts3.8 @types/express@ts3.8 @types/request@ts3.8 @types/chai@ts3.8 @types/mocha@ts3.8 @types/supertest@ts3.8 @types/accepts@ts3.8 @types/archy@ts3.8 @types/argparse@ts3.8 @types/asn1@ts3.8 @types/assert-plus@ts3.8 @types/aws4@ts3.8 @types/balanced-match@ts3.8 @types/brace-expansion@ts3.8 @types/braces@ts3.8 @types/bytes@ts3.8 @types/caniuse-lite@ts3.8 @types/caseless@ts3.8 @types/check-error@ts3.8 @types/color-convert@ts3.8 @types/color-name@ts3.8 @types/combined-stream@ts3.8 @types/commondir@ts3.8 @types/component-emitter@ts3.8 @types/concat-map@ts3.8 @types/content-disposition@ts3.8 @types/content-type@ts3.8 @types/convert-source-map@ts3.8 @types/cookie@ts3.8 @types/cookie-signature@ts3.8 @types/cookiejar@ts3.8 @types/cross-spawn@ts3.8 @types/dashdash@ts3.8 @types/debug@ts3.8 @types/deep-eql@ts3.8 @types/deep-equal@ts3.8 @types/define-properties@ts3.8 @types/depd@ts3.8 @types/destroy@ts3.8 @types/diff@ts3.8 @types/ee-first@ts3.8 @types/encodeurl@ts3.8 @types/escape-html@ts3.8 @types/esprima@ts3.8 @types/etag@ts3.8 @types/extend@ts3.8 @types/extsprintf@ts3.8 @types/fill-range@ts3.8 @types/finalhandler@ts3.8 @types/find-cache-dir@ts3.8 @types/flat@ts3.8 @types/foreground-child@ts3.8 @types/forever-agent@ts3.8 @types/formidable@ts3.8 @types/forwarded@ts3.8 @types/fresh@ts3.8 @types/function-bind@ts3.8 @types/gensync@ts3.8 @types/get-func-name@ts3.8 @types/getpass@ts3.8 @types/glob@ts3.8 @types/glob-parent@ts3.8 @types/graceful-fs@ts3.8 @types/has@ts3.8 @types/he@ts3.8 @types/html-escaper@ts3.8 @types/http-errors@ts3.8 @types/imurmurhash@ts3.8 @types/inherits@ts3.8 @types/is-arguments@ts3.8 @types/is-date-object@ts3.8 @types/is-glob@ts3.8 @types/is-number@ts3.8 @types/is-regex@ts3.8 @types/is-typedarray@ts3.8 @types/is-windows@ts3.8 @types/isarray@ts3.8 @types/isexe@ts3.8 @types/isstream@ts3.8 @types/istanbul-lib-coverage@ts3.8 @types/istanbul-lib-hook@ts3.8 @types/istanbul-lib-instrument@ts3.8 @types/istanbul-lib-report@ts3.8 @types/istanbul-lib-source-maps@ts3.8 @types/istanbul-reports@ts3.8 @types/js-yaml@ts3.8 @types/jsbn@ts3.8 @types/jsesc@ts3.8 @types/json-schema@ts3.8 @types/json-stringify-safe@ts3.8 @types/lodash@ts3.8 @types/lodash.flattendeep@ts3.8 @types/media-typer@ts3.8 @types/merge-descriptors@ts3.8 @types/methods@ts3.8 @types/mime@ts3.8 @types/mime-db@ts3.8 @types/mime-types@ts3.8 @types/minimist@ts3.8 @types/ms@ts3.8 @types/negotiator@ts3.8 @types/neo-async@ts3.8 @types/normalize-path@ts3.8 @types/object-keys@ts3.8 @types/on-finished@ts3.8 @types/once@ts3.8 @types/parseurl@ts3.8 @types/path-is-absolute@ts3.8 @types/pathval@ts3.8 @types/picomatch@ts3.8 @types/proxy-addr@ts3.8 @types/psl@ts3.8 @types/punycode@ts3.8 @types/qs@ts3.8 @types/randombytes@ts3.8 @types/range-parser@ts3.8 @types/readable-stream@ts3.8 @types/require-directory@ts3.8 @types/safer-buffer@ts3.8 @types/semver@ts3.8 @types/send@ts3.8 @types/serialize-javascript@ts3.8 @types/serve-static@ts3.8 @types/set-blocking@ts3.8 @types/shebang-command@ts3.8 @types/signal-exit@ts3.8 @types/sprintf@ts3.8 @types/sprintf-js@ts3.8 @types/sshpk@ts3.8 @types/statuses@ts3.8 @types/superagent@ts3.8 @types/supports-color@ts3.8 @types/to-regex-range@ts3.8 @types/toidentifier@ts3.8 @types/tough-cookie@ts3.8 @types/type-detect@ts3.8 @types/type-is@ts3.8 @types/typedarray-to-buffer@ts3.8 @types/uglify-js@ts3.8 @types/util-deprecate@ts3.8 @types/utils-merge@ts3.8 @types/uuid@ts3.8 @types/vary@ts3.8 @types/verror@ts3.8 @types/which@ts3.8 @types/wordwrap@ts3.8 @types/workerpool@ts3.8 @types/wrap-ansi@ts3.8 @types/write-file-atomic@ts3.8 @types/yargs@ts3.8 @types/yargs-parser@ts3.8 @types/yargs-unparser@ts3.8 @types/node@ts3.8
21 verbose argv "install" "--ignore-scripts" "@types/body-parser@ts3.8" "@types/express@ts3.8" "@types/request@ts3.8" "@types/chai@ts3.8" "@types/mocha@ts3.8" "@types/supertest@ts3.8" "@types/accepts@ts3.8" "@types/archy@ts3.8" "@types/argparse@ts3.8" "@types/asn1@ts3.8" "@types/assert-plus@ts3.8" "@types/aws4@ts3.8" "@types/balanced-match@ts3.8" "@types/brace-expansion@ts3.8" "@types/braces@ts3.8" "@types/bytes@ts3.8" "@types/caniuse-lite@ts3.8" "@types/caseless@ts3.8" "@types/check-error@ts3.8" "@types/color-convert@ts3.8" "@types/color-name@ts3.8" "@types/combined-stream@ts3.8" "@types/commondir@ts3.8" "@types/component-emitter@ts3.8" "@types/concat-map@ts3.8" "@types/content-disposition@ts3.8" "@types/content-type@ts3.8" "@types/convert-source-map@ts3.8" "@types/cookie@ts3.8" "@types/cookie-signature@ts3.8" "@types/cookiejar@ts3.8" "@types/cross-spawn@ts3.8" "@types/dashdash@ts3.8" "@types/debug@ts3.8" "@types/deep-eql@ts3.8" "@types/deep-equal@ts3.8" "@types/define-properties@ts3.8" "@types/depd@ts3.8" "@types/destroy@ts3.8" "@types/diff@ts3.8" "@types/ee-first@ts3.8" "@types/encodeurl@ts3.8" "@types/escape-html@ts3.8" "@types/esprima@ts3.8" "@types/etag@ts3.8" "@types/extend@ts3.8" "@types/extsprintf@ts3.8" "@types/fill-range@ts3.8" "@types/finalhandler@ts3.8" "@types/find-cache-dir@ts3.8" "@types/flat@ts3.8" "@types/foreground-child@ts3.8" "@types/forever-agent@ts3.8" "@types/formidable@ts3.8" "@types/forwarded@ts3.8" "@types/fresh@ts3.8" "@types/function-bind@ts3.8" "@types/gensync@ts3.8" "@types/get-func-name@ts3.8" "@types/getpass@ts3.8" "@types/glob@ts3.8" "@types/glob-parent@ts3.8" "@types/graceful-fs@ts3.8" "@types/has@ts3.8" "@types/he@ts3.8" "@types/html-escaper@ts3.8" "@types/http-errors@ts3.8" "@types/imurmurhash@ts3.8" "@types/inherits@ts3.8" "@types/is-arguments@ts3.8" "@types/is-date-object@ts3.8" "@types/is-glob@ts3.8" "@types/is-number@ts3.8" "@types/is-regex@ts3.8" "@types/is-typedarray@ts3.8" "@types/is-windows@ts3.8" "@types/isarray@ts3.8" "@types/isexe@ts3.8" "@types/isstream@ts3.8" "@types/istanbul-lib-coverage@ts3.8" "@types/istanbul-lib-hook@ts3.8" "@types/istanbul-lib-instrument@ts3.8" "@types/istanbul-lib-report@ts3.8" "@types/istanbul-lib-source-maps@ts3.8" "@types/istanbul-reports@ts3.8" "@types/js-yaml@ts3.8" "@types/jsbn@ts3.8" "@types/jsesc@ts3.8" "@types/json-schema@ts3.8" "@types/json-stringify-safe@ts3.8" "@types/lodash@ts3.8" "@types/lodash.flattendeep@ts3.8" "@types/media-typer@ts3.8" "@types/merge-descriptors@ts3.8" "@types/methods@ts3.8" "@types/mime@ts3.8" "@types/mime-db@ts3.8" "@types/mime-types@ts3.8" "@types/minimist@ts3.8" "@types/ms@ts3.8" "@types/negotiator@ts3.8" "@types/neo-async@ts3.8" "@types/normalize-path@ts3.8" "@types/object-keys@ts3.8" "@types/on-finished@ts3.8" "@types/once@ts3.8" "@types/parseurl@ts3.8" "@types/path-is-absolute@ts3.8" "@types/pathval@ts3.8" "@types/picomatch@ts3.8" "@types/proxy-addr@ts3.8" "@types/psl@ts3.8" "@types/punycode@ts3.8" "@types/qs@ts3.8" "@types/randombytes@ts3.8" "@types/range-parser@ts3.8" "@types/readable-stream@ts3.8" "@types/require-directory@ts3.8" "@types/safer-buffer@ts3.8" "@types/semver@ts3.8" "@types/send@ts3.8" "@types/serialize-javascript@ts3.8" "@types/serve-static@ts3.8" "@types/set-blocking@ts3.8" "@types/shebang-command@ts3.8" "@types/signal-exit@ts3.8" "@types/sprintf@ts3.8" "@types/sprintf-js@ts3.8" "@types/sshpk@ts3.8" "@types/statuses@ts3.8" "@types/superagent@ts3.8" "@types/supports-color@ts3.8" "@types/to-regex-range@ts3.8" "@types/toidentifier@ts3.8" "@types/tough-cookie@ts3.8" "@types/type-detect@ts3.8" "@types/type-is@ts3.8" "@types/typedarray-to-buffer@ts3.8" "@types/uglify-js@ts3.8" "@types/util-deprecate@ts3.8" "@types/utils-merge@ts3.8" "@types/uuid@ts3.8" "@types/vary@ts3.8" "@types/verror@ts3.8" "@types/which@ts3.8" "@types/wordwrap@ts3.8" "@types/workerpool@ts3.8" "@types/wrap-ansi@ts3.8" "@types/write-file-atomic@ts3.8" "@types/yargs@ts3.8" "@types/yargs-parser@ts3.8" "@types/yargs-unparser@ts3.8" "@types/node@ts3.8" "--save-dev" "--user-agent" "typesInstaller/3.8.3"
22 timing npm:load:setTitle Completed in 8ms
23 timing config:load:flatten Completed in 3ms
24 timing npm:load:display Completed in 5ms
25 verbose logfile logs-max:10 dir:/home/user316/.npm/_logs/2023-04-05T13_08_03_860Z-
26 verbose logfile /home/user316/.npm/_logs/2023-04-05T13_08_03_860Z-debug-0.log
27 timing npm:load:logFile Completed in 12ms
28 timing npm:load:timers Completed in 0ms
29 timing npm:load:configScope Completed in 0ms
30 timing npm:load Completed in 38ms
31 timing arborist:ctor Completed in 2ms
32 silly logfile done cleaning log files
33 timing idealTree:init Completed in 19ms
34 timing arborist:ctor Completed in 1ms
35 http fetch GET 200 https://registry.npmjs.org/@types%2fasn1 681ms (cache miss)
36 http fetch GET 200 https://registry.npmjs.org/@types%2fcaseless 737ms (cache miss)
37 http fetch GET 200 https://registry.npmjs.org/@types%2faws4 803ms (cache miss)
38 http fetch GET 200 https://registry.npmjs.org/@types%2fcolor-name 811ms (cache miss)
39 http fetch GET 200 https://registry.npmjs.org/@types%2fbytes 833ms (cache miss)
40 http fetch GET 200 https://registry.npmjs.org/@types%2fbody-parser 850ms (cache miss)
41 http fetch GET 200 https://registry.npmjs.org/@types%2fconcat-map 841ms (cache miss)
42 http fetch GET 200 https://registry.npmjs.org/@types%2fsupertest 864ms (cache miss)
43 http fetch GET 200 https://registry.npmjs.org/@types%2fbalanced-match 874ms (cache miss)
44 http fetch GET 200 https://registry.npmjs.org/@types%2fassert-plus 875ms (cache miss)
45 http fetch GET 200 https://registry.npmjs.org/@types%2farchy 879ms (cache miss)
46 http fetch GET 200 https://registry.npmjs.org/@types%2fargparse 884ms (cache miss)
47 http fetch GET 200 https://registry.npmjs.org/@types%2fconvert-source-map 881ms (cache miss)
48 http fetch GET 200 https://registry.npmjs.org/@types%2fcontent-type 884ms (cache miss)
49 http fetch GET 200 https://registry.npmjs.org/@types%2fcookiejar 882ms (cache miss)
50 http fetch GET 200 https://registry.npmjs.org/@types%2fcookie-signature 886ms (cache miss)
51 http fetch GET 200 https://registry.npmjs.org/@types%2fcookie 888ms (cache miss)
52 http fetch GET 200 https://registry.npmjs.org/@types%2fexpress 905ms (cache miss)
53 http fetch GET 200 https://registry.npmjs.org/@types%2fmocha 913ms (cache miss)
54 http fetch GET 200 https://registry.npmjs.org/@types%2faccepts 946ms (cache miss)
55 http fetch GET 200 https://registry.npmjs.org/@types%2fcheck-error 971ms (cache miss)
56 http fetch GET 200 https://registry.npmjs.org/@types%2fcaniuse-lite 978ms (cache miss)
57 http fetch GET 200 https://registry.npmjs.org/@types%2fbraces 980ms (cache miss)
58 http fetch GET 200 https://registry.npmjs.org/@types%2fchai 995ms (cache miss)
59 http fetch GET 200 https://registry.npmjs.org/@types%2fdestroy 987ms (cache miss)
60 http fetch GET 200 https://registry.npmjs.org/@types%2fdeep-equal 991ms (cache miss)
61 http fetch GET 200 https://registry.npmjs.org/@types%2fdepd 991ms (cache miss)
62 http fetch GET 200 https://registry.npmjs.org/@types%2fcolor-convert 1017ms (cache miss)
63 http fetch GET 200 https://registry.npmjs.org/@types%2fee-first 1024ms (cache miss)
64 http fetch GET 200 https://registry.npmjs.org/@types%2fencodeurl 1027ms (cache miss)
65 http fetch GET 200 https://registry.npmjs.org/@types%2fcommondir 1055ms (cache miss)
66 http fetch GET 200 https://registry.npmjs.org/@types%2fetag 1074ms (cache miss)
67 http fetch GET 200 https://registry.npmjs.org/@types%2fextend 1080ms (cache miss)
68 http fetch GET 200 https://registry.npmjs.org/@types%2fcomponent-emitter 1108ms (cache miss)
69 http fetch GET 200 https://registry.npmjs.org/@types%2fcontent-disposition 1176ms (cache miss)
70 http fetch GET 200 https://registry.npmjs.org/@types%2fcross-spawn 1177ms (cache miss)
71 http fetch GET 200 https://registry.npmjs.org/@types%2fdeep-eql 1185ms (cache miss)
72 timing idealTree Completed in 1231ms
73 timing command:install Completed in 1245ms
74 verbose type tag
75 verbose stack @types/deep-eql: No matching version found for @types/deep-eql@ts3.8.
75 verbose stack     at module.exports (/usr/local/nvm/versions/node/v18.12.1/lib/node_modules/npm/node_modules/npm-pick-manifest/lib/index.js:209:23)
75 verbose stack     at RegistryFetcher.manifest (/usr/local/nvm/versions/node/v18.12.1/lib/node_modules/npm/node_modules/pacote/lib/registry.js:119:22)
75 verbose stack     at async /usr/local/nvm/versions/node/v18.12.1/lib/node_modules/npm/node_modules/@npmcli/arborist/lib/arborist/build-ideal-tree.js:528:22
75 verbose stack     at async Promise.all (index 34)
75 verbose stack     at async [add] (/usr/local/nvm/versions/node/v18.12.1/lib/node_modules/npm/node_modules/@npmcli/arborist/lib/arborist/build-ideal-tree.js:517:5)
75 verbose stack     at async [applyUserRequestsToNode] (/usr/local/nvm/versions/node/v18.12.1/lib/node_modules/npm/node_modules/@npmcli/arborist/lib/arborist/build-ideal-tree.js:486:7)
75 verbose stack     at async [applyUserRequests] (/usr/local/nvm/versions/node/v18.12.1/lib/node_modules/npm/node_modules/@npmcli/arborist/lib/arborist/build-ideal-tree.js:422:7)
75 verbose stack     at async Arborist.buildIdealTree (/usr/local/nvm/versions/node/v18.12.1/lib/node_modules/npm/node_modules/@npmcli/arborist/lib/arborist/build-ideal-tree.js:206:7)
75 verbose stack     at async Promise.all (index 1)
75 verbose stack     at async Arborist.reify (/usr/local/nvm/versions/node/v18.12.1/lib/node_modules/npm/node_modules/@npmcli/arborist/lib/arborist/reify.js:159:5)
76 verbose cwd /home/user316/.cache/typescript/3.8
77 verbose Linux 5.15.89+
78 verbose node v18.12.1
79 verbose npm  v9.6.3
80 error code ETARGET
81 error notarget No matching version found for @types/deep-eql@ts3.8.
82 error notarget In most cases you or one of your dependencies are requesting
82 error notarget a package version that doesn't exist.
83 verbose exit 1
84 timing npm Completed in 1306ms
85 verbose unfinished npm timer reify 1680700083921
86 verbose unfinished npm timer reify:loadTrees 1680700083927
87 verbose unfinished npm timer idealTree:userRequests 1680700083948
88 verbose code 1
89 error A complete log of this run can be found in: /home/user316/.npm/_logs/2023-04-05T13_08_03_860Z-debug-0.log
